[11:31:29] [Server thread/INFO]: Starting minecraft server version 1.8.1
[11:31:29] [Server thread/INFO]: Loading properties
[11:31:29] [Server console handler/ERROR]: Exception handling console input
java.io.IOException: The handle is invalid
	at java.io.FileInputStream.readBytes(Native Method) ~[?:1.7.0_51]
	at java.io.FileInputStream.read(Unknown Source) ~[?:1.7.0_51]
	at java.io.BufferedInputStream.read1(Unknown Source) ~[?:1.7.0_51]
	at java.io.BufferedInputStream.read(Unknown Source) ~[?:1.7.0_51]
	at sun.nio.cs.StreamDecoder.readBytes(Unknown Source) ~[?:1.7.0_51]
	at sun.nio.cs.StreamDecoder.implRead(Unknown Source) ~[?:1.7.0_51]
	at sun.nio.cs.StreamDecoder.read(Unknown Source) ~[?:1.7.0_51]
	at java.io.InputStreamReader.read(Unknown Source) ~[?:1.7.0_51]
	at java.io.BufferedReader.fill(Unknown Source) ~[?:1.7.0_51]
	at java.io.BufferedReader.readLine(Unknown Source) ~[?:1.7.0_51]
	at java.io.BufferedReader.readLine(Unknown Source) ~[?:1.7.0_51]
	at pr.run(SourceFile:81) [minecraft_server.1.8.1.exe:?]
[11:31:29] [Server thread/INFO]: Default game type: SURVIVAL
[11:31:29] [Server thread/INFO]: Generating keypair
[11:31:29] [Server thread/INFO]: Starting Minecraft server on *:25565
[11:31:29] [Server thread/INFO]: Using default channel type
[11:31:31] [Server thread/INFO]: Preparing level "world"
[11:31:31] [Server thread/INFO]: Preparing start region for level 0
[11:31:32] [Server thread/INFO]: Preparing spawn area: 2%
[11:31:33] [Server thread/INFO]: Preparing spawn area: 49%
[11:31:34] [Server thread/INFO]: Done (2.988s)! For help, type "help" or "?"
[11:32:36] [User Authenticator #1/INFO]: UUID of player maumacd is b1766c3e-d4c1-475e-b58e-6acf30d2a3f6
[11:32:36] [Server thread/INFO]: maumacd[/127.0.0.1:52308] logged in with entity id 384 at (28.76249998807905, 63.0, 258.3000000119211)
[11:32:36] [Server thread/INFO]: maumacd joined the game
[12:19:07] [Server thread/INFO]: maumacd lost connection: TextComponent{text='Disconnected', siblings=[], style=Style{hasParent=false, color=null, bold=null, italic=null, underlined=null, obfuscated=null, clickEvent=null, hoverEvent=null, insertion=null}}
[12:19:07] [Server thread/INFO]: maumacd left the game
